#-----------------------------------------------------------
# Vivado v2018.2 (64-bit)
# SW Build 2258646 on Thu Jun 14 20:02:38 MDT 2018
# IP Build 2256618 on Thu Jun 14 22:10:49 MDT 2018
# Start of session at: Tue Mar 11 09:17:46 2025
# Process ID: 4077
# Current directory: /nfs/home/m/m_mureit/COEN316/COEN316_done/COEN316_lab2
# Command line: vivado
# Log file: /nfs/home/m/m_mureit/COEN316/COEN316_done/COEN316_lab2/vivado.log
# Journal file: /nfs/home/m/m_mureit/COEN316/COEN316_done/COEN316_lab2/vivado.jou
#-----------------------------------------------------------
start_gui
open_project /nfs/home/m/m_mureit/COEN316/COEN316_done/COEN316_lab2/COEN316_Lab2/COEN316_Lab2.xpr
Scanning sources...
Finished scanning sources
INFO: [IP_Flow 19-234] Refreshing IP repositories
INFO: [IP_Flow 19-1704] No user IP repositories specified
INFO: [IP_Flow 19-2313] Loaded Vivado IP repository '/CMC/tools/xilinx/Vivado_2018.2/Vivado/2018.2/data/ip'.
open_project: Time (s): cpu = 00:00:12 ; elapsed = 00:00:11 . Memory (MB): peak = 6283.746 ; gain = 148.891 ; free physical = 12088 ; free virtual = 23821
update_compile_order -fileset sources_1
open_run impl_1
INFO: [Netlist 29-17] Analyzing 13 Unisim elements for replacement
INFO: [Netlist 29-28] Unisim Transformation completed in 0 CPU seconds
INFO: [Project 1-479] Netlist was created with Vivado 2018.2
INFO: [Device 21-403] Loading part xc7a100tcsg324-1
INFO: [Common 17-41] Interrupt caught. Command should exit soon.
open_run: Time (s): cpu = 00:00:07 ; elapsed = 00:00:32 . Memory (MB): peak = 6431.629 ; gain = 126.422 ; free physical = 11944 ; free virtual = 23705
INFO: [Common 17-344] 'open_run' was cancelled
reset_run synth_1
launch_runs impl_1 -jobs 2
[Tue Mar 11 09:22:08 2025] Launched synth_1...
Run output will be captured here: /nfs/home/m/m_mureit/COEN316/COEN316_done/COEN316_lab2/COEN316_Lab2/COEN316_Lab2.runs/synth_1/runme.log
[Tue Mar 11 09:22:08 2025] Launched impl_1...
Run output will be captured here: /nfs/home/m/m_mureit/COEN316/COEN316_done/COEN316_lab2/COEN316_Lab2/COEN316_Lab2.runs/impl_1/runme.log
launch_runs impl_1 -to_step write_bitstream -jobs 2
[Tue Mar 11 09:27:43 2025] Launched impl_1...
Run output will be captured here: /nfs/home/m/m_mureit/COEN316/COEN316_done/COEN316_lab2/COEN316_Lab2/COEN316_Lab2.runs/impl_1/runme.log
open_run impl_1
INFO: [Netlist 29-17] Analyzing 13 Unisim elements for replacement
INFO: [Netlist 29-28] Unisim Transformation completed in 0 CPU seconds
INFO: [Project 1-479] Netlist was created with Vivado 2018.2
INFO: [Project 1-570] Preparing netlist for logic optimization
INFO: [Timing 38-478] Restoring timing data from binary archive.
INFO: [Timing 38-479] Binary timing data restore complete.
INFO: [Project 1-856] Restoring constraints from binary archive.
INFO: [Project 1-853] Binary constraint restore complete.
Reading XDEF placement.
Reading placer database...
Reading XDEF routing.
Read XDEF File: Time (s): cpu = 00:00:00.01 ; elapsed = 00:00:00.01 . Memory (MB): peak = 7047.164 ; gain = 0.000 ; free physical = 11347 ; free virtual = 23159
Restored from archive | CPU: 0.010000 secs | Memory: 0.082535 MB |
Finished XDEF File Restore: Time (s): cpu = 00:00:00.01 ; elapsed = 00:00:00.01 . Memory (MB): peak = 7047.164 ; gain = 0.000 ; free physical = 11347 ; free virtual = 23159
INFO: [Project 1-111] Unisim Transformation Summary:
No Unisim elements were transformed.

open_run: Time (s): cpu = 00:00:18 ; elapsed = 00:00:40 . Memory (MB): peak = 7205.695 ; gain = 712.219 ; free physical = 11247 ; free virtual = 23060
WARNING: [Timing 38-313] There are no user specified timing constraints. Timing constraints are needed for proper timing analysis.
reset_run synth_1
launch_runs impl_1 -to_step write_bitstream -jobs 2
[Tue Mar 11 09:32:24 2025] Launched synth_1...
Run output will be captured here: /nfs/home/m/m_mureit/COEN316/COEN316_done/COEN316_lab2/COEN316_Lab2/COEN316_Lab2.runs/synth_1/runme.log
[Tue Mar 11 09:32:24 2025] Launched impl_1...
Run output will be captured here: /nfs/home/m/m_mureit/COEN316/COEN316_done/COEN316_lab2/COEN316_Lab2/COEN316_Lab2.runs/impl_1/runme.log
open_hw
connect_hw_server
INFO: [Labtools 27-2285] Connecting to hw_server url TCP:localhost:3121
INFO: [Labtools 27-2222] Launching hw_server...
INFO: [Labtools 27-2221] Launch Output:

****** Xilinx hw_server v2018.2
  **** Build date : Jun 14 2018-20:18:37
    ** Copyright 1986-2018 Xilinx, Inc. All Rights Reserved.


open_hw_target
INFO: [Labtoolstcl 44-466] Opening hw_target localhost:3121/xilinx_tcf/Digilent/210292BB369FA
set_property PROGRAM.FILE {/nfs/home/m/m_mureit/COEN316/COEN316_done/COEN316_lab2/COEN316_Lab2/COEN316_Lab2.runs/impl_1/regfile.bit} [get_hw_devices xc7a100t_0]
current_hw_device [get_hw_devices xc7a100t_0]
refresh_hw_device -update_hw_probes false [lindex [get_hw_devices xc7a100t_0] 0]
INFO: [Labtools 27-1435] Device xc7a100t (JTAG device index = 0) is not programmed (DONE status = 0).
set_property PROBES.FILE {} [get_hw_devices xc7a100t_0]
set_property FULL_PROBES.FILE {} [get_hw_devices xc7a100t_0]
set_property PROGRAM.FILE {/nfs/home/m/m_mureit/COEN316/COEN316_done/COEN316_lab2/COEN316_Lab2/COEN316_Lab2.runs/impl_1/regfile.bit} [get_hw_devices xc7a100t_0]
program_hw_devices [get_hw_devices xc7a100t_0]
INFO: [Labtools 27-3164] End of startup status: HIGH
refresh_hw_device [lindex [get_hw_devices xc7a100t_0] 0]
INFO: [Labtools 27-1434] Device xc7a100t (JTAG device index = 0) is programmed with a design that has no supported debug core(s) in it.
WARNING: [Labtools 27-3361] The debug hub core was not detected.
Resolution: 
1. Make sure the clock connected to the debug hub (dbg_hub) core is a free running clock and is active.
2. Make sure the BSCAN_SWITCH_USER_MASK device property in Vivado Hardware Manager reflects the user scan chain setting in the design and refresh the device.  To determine the user scan chain setting in the design, open the implemented design and use 'get_property C_USER_SCAN_CHAIN [get_debug_cores dbg_hub]'.
For more details on setting the scan chain property, consult the Vivado Debug and Programming User Guide (UG908).
ERROR: [Labtoolstcl 44-513] HW Target shutdown. Closing target: localhost:3121/xilinx_tcf/Digilent/210292BB369FA
exit
INFO: [Common 17-206] Exiting Vivado at Tue Mar 11 10:01:08 2025...
